<?xml version="1.0" encoding="UTF-8"?>
<!-- Generated by org.testng.reporters.JUnitReportReporter -->
<testsuite hostname="DESKTOP-HEM1A6D" failures="0" tests="1" name="testCases.Tc_AccountReg" time="5.744" errors="0" timestamp="2025-02-11T22:22:34 IST" skipped="0">
  <testcase classname="testCases.Tc_AccountReg" name="verifyOnAccountRegistration" time="5.744"/>
</testsuite> <!-- testCases.Tc_AccountReg -->
