<?xml version="1.0" encoding="UTF-8"?>
<!-- Generated by org.testng.reporters.JUnitReportReporter -->
<testsuite hostname="DESKTOP-HEM1A6D" failures="0" tests="1" name="testCases.Tc_AccountReg" time="3.133" errors="0" timestamp="2025-03-25T11:03:21 IST" skipped="0">
  <testcase classname="testCases.Tc_AccountReg" name="verifyOnAccountRegistration" time="3.133"/>
</testsuite> <!-- testCases.Tc_AccountReg -->
