<?xml version="1.0" encoding="UTF-8"?>
<!-- Generated by org.testng.reporters.JUnitReportReporter -->
<testsuite hostname="DESKTOP-HEM1A6D" failures="0" tests="4" name="testCases.Tc2_LoginDDT" time="27.999" errors="0" timestamp="2025-01-01T22:44:37 IST" skipped="0">
  <testcase classname="testCases.Tc2_LoginDDT" name="verify_LoginDDT" time="11.699"/>
  <testcase classname="testCases.Tc2_LoginDDT" name="verify_LoginDDT" time="2.409"/>
  <testcase classname="testCases.Tc2_LoginDDT" name="verify_LoginDDT" time="2.473"/>
  <testcase classname="testCases.Tc2_LoginDDT" name="verify_LoginDDT" time="11.418"/>
</testsuite> <!-- testCases.Tc2_LoginDDT -->
