<?xml version="1.0" encoding="UTF-8"?>
<!-- Generated by org.testng.reporters.JUnitReportReporter -->
<testsuite hostname="DESKTOP-HEM1A6D" failures="0" tests="1" name="basicPrograms.TakeScreenShoot" time="3.737" errors="0" timestamp="2025-03-25T23:26:05 IST" skipped="0">
  <testcase classname="basicPrograms.TakeScreenShoot" name="screenShoot" time="3.737"/>
</testsuite> <!-- basicPrograms.TakeScreenShoot -->
