<?xml version="1.0" encoding="UTF-8"?>
<!-- Generated by org.testng.reporters.JUnitReportReporter -->
<testsuite hostname="DESKTOP-HEM1A6D" failures="0" tests="1" name="testCases.Tc1_Logintest" time="5.309" errors="0" timestamp="2025-03-25T11:03:21 IST" skipped="0">
  <testcase classname="testCases.Tc1_Logintest" name="verify_Login" time="5.309"/>
</testsuite> <!-- testCases.Tc1_Logintest -->
