<?xml version="1.0" encoding="UTF-8"?>
<!-- Generated by org.testng.reporters.JUnitReportReporter -->
<testsuite hostname="DESKTOP-HEM1A6D" failures="0" tests="2" name="testCases.Tc1_Logintest" time="10.149" errors="0" timestamp="2025-04-09T22:27:31 IST" skipped="0">
  <testcase classname="testCases.Tc1_Logintest" name="verify_Login" time="5.031"/>
  <testcase classname="testCases.Tc1_Logintest" name="verify_Login" time="5.118"/>
</testsuite> <!-- testCases.Tc1_Logintest -->
