<?xml version="1.0" encoding="UTF-8"?>
<!-- Generated by org.testng.reporters.JUnitReportReporter -->
<testsuite hostname="DESKTOP-HEM1A6D" failures="0" tests="2" name="testCases.Tc_AccountReg" time="5.539" errors="0" timestamp="2025-04-09T22:27:31 IST" skipped="0">
  <testcase classname="testCases.Tc_AccountReg" name="verifyOnAccountRegistration" time="2.834"/>
  <testcase classname="testCases.Tc_AccountReg" name="verifyOnAccountRegistration" time="2.705"/>
</testsuite> <!-- testCases.Tc_AccountReg -->
